<?xml version="1.0" encoding="UTF-8" ?>
<testsuite tests="1" failures="0" name="TestService" time="0.253" errors="0" skipped="0">
  <properties>
    <property name="java.runtime.name" value="Java(TM) SE Runtime Environment"/>
    <property name="sun.boot.library.path" value="G:\Program Files\Java\jdk1.8.0\jre\bin"/>
    <property name="java.vm.version" value="25.0-b70"/>
    <property name="java.vm.vendor" value="Oracle Corporation"/>
    <property name="maven.multiModuleProjectDirectory" value="G:\Users\mly\Documents\NetBeansProjects\trunk\liferay7-demos\medo-demo"/>
    <property name="java.vendor.url" value="http://java.oracle.com/"/>
    <property name="path.separator" value=";"/>
    <property name="guice.disable.misplaced.annotation.check" value="true"/>
    <property name="java.vm.name" value="Java HotSpot(TM) 64-Bit Server VM"/>
    <property name="file.encoding.pkg" value="sun.io"/>
    <property name="user.script" value=""/>
    <property name="user.country" value="CN"/>
    <property name="sun.java.launcher" value="SUN_STANDARD"/>
    <property name="sun.os.patch.level" value="Service Pack 1"/>
    <property name="java.vm.specification.name" value="Java Virtual Machine Specification"/>
    <property name="user.dir" value="G:\Users\mly\Documents\NetBeansProjects\trunk\liferay7-demos\medo-demo"/>
    <property name="java.runtime.version" value="1.8.0-b132"/>
    <property name="java.awt.graphicsenv" value="sun.awt.Win32GraphicsEnvironment"/>
    <property name="java.endorsed.dirs" value="G:\Program Files\Java\jdk1.8.0\jre\lib\endorsed"/>
    <property name="os.arch" value="amd64"/>
    <property name="java.io.tmpdir" value="G:\Users\mly\AppData\Local\Temp\"/>
    <property name="line.separator" value="
"/>
    <property name="java.vm.specification.vendor" value="Oracle Corporation"/>
    <property name="user.variant" value=""/>
    <property name="os.name" value="Windows 7"/>
    <property name="maven.ext.class.path" value="G:\Program Files\NetBeans 8.2\java\maven-nblib\netbeans-eventspy.jar"/>
    <property name="classworlds.conf" value="G:\apache-maven-3.3.3\bin\m2.conf"/>
    <property name="sun.jnu.encoding" value="GBK"/>
    <property name="java.library.path" value="G:\Program Files\Java\jdk1.8.0\bin;G:\Windows\Sun\Java\bin;G:\Windows\system32;G:\Windows;G:\ProgramData\Oracle\Java\javapath;D:\imagemagick\imagemagick;G:\Users\mly\workspace\alfresco\imagemagick\imagemagick;G:\Program Files\Java\jdk1.7.0_45\bin;G:\Program Files\Java\jdk1.7.0_45\jre\bin;G:\Program Files (x86)\NVIDIA Corporation\PhysX\Common;G:\Windows\system32;G:\Windows;G:\Windows\System32\Wbem;G:\Windows\System32\WindowsPowerShell\v1.0\;G:\apache-maven-3.3.3\bin;E:\phantomjs-2.0.0-windows\bin;D:\ffmepg\ffmpeg-win64\bin\ffmpeg.exe;G:\Program Files\nodejs\;G:\Program Files\Java\jdk1.7.0_45\jre\bin;G:\JPM4J\bin;G:\Ruby22-x64\bin;G:\Program Files (x86)\SSH Communications Security\SSH Secure Shell;G:\Users\mly\AppData\Roaming\npm;."/>
    <property name="java.specification.name" value="Java Platform API Specification"/>
    <property name="java.class.version" value="52.0"/>
    <property name="sun.management.compiler" value="HotSpot 64-Bit Tiered Compilers"/>
    <property name="os.version" value="6.1"/>
    <property name="user.home" value="G:\Users\mly"/>
    <property name="user.timezone" value="Asia/Shanghai"/>
    <property name="java.awt.printerjob" value="sun.awt.windows.WPrinterJob"/>
    <property name="java.specification.version" value="1.8"/>
    <property name="file.encoding" value="UTF-8"/>
    <property name="java.net.useSystemProxies" value="true"/>
    <property name="current.jrebel.agent.path" value="G:\Users\mly\AppData\Roaming\NetBeans\8.2\jrebel\jrebel.jar"/>
    <property name="user.name" value="mly"/>
    <property name="java.class.path" value="G:\apache-maven-3.3.3\boot\plexus-classworlds-2.5.2.jar"/>
    <property name="java.vm.specification.version" value="1.8"/>
    <property name="sun.arch.data.model" value="64"/>
    <property name="java.home" value="G:\Program Files\Java\jdk1.8.0\jre"/>
    <property name="sun.java.command" value="org.codehaus.plexus.classworlds.launcher.Launcher -Dmaven.ext.class.path=G:\Program Files\NetBeans 8.2\java\maven-nblib\netbeans-eventspy.jar -Djava.net.useSystemProxies=true install -Dcurrent.jrebel.agent.path=G:\Users\mly\AppData\Roaming\NetBeans\8.2\jrebel\jrebel.jar"/>
    <property name="java.specification.vendor" value="Oracle Corporation"/>
    <property name="user.language" value="zh"/>
    <property name="awt.toolkit" value="sun.awt.windows.WToolkit"/>
    <property name="java.vm.info" value="mixed mode"/>
    <property name="java.version" value="1.8.0"/>
    <property name="java.ext.dirs" value="G:\Program Files\Java\jdk1.8.0\jre\lib\ext;G:\Windows\Sun\Java\lib\ext"/>
    <property name="sun.boot.class.path" value="G:\Program Files\Java\jdk1.8.0\jre\lib\resources.jar;G:\Program Files\Java\jdk1.8.0\jre\lib\rt.jar;G:\Program Files\Java\jdk1.8.0\jre\lib\sunrsasign.jar;G:\Program Files\Java\jdk1.8.0\jre\lib\jsse.jar;G:\Program Files\Java\jdk1.8.0\jre\lib\jce.jar;G:\Program Files\Java\jdk1.8.0\jre\lib\charsets.jar;G:\Program Files\Java\jdk1.8.0\jre\lib\jfr.jar;G:\Program Files\Java\jdk1.8.0\jre\classes"/>
    <property name="java.vendor" value="Oracle Corporation"/>
    <property name="maven.home" value="G:\apache-maven-3.3.3"/>
    <property name="file.separator" value="\"/>
    <property name="java.vendor.url.bug" value="http://bugreport.sun.com/bugreport/"/>
    <property name="sun.cpu.endian" value="little"/>
    <property name="sun.io.unicode.encoding" value="UnicodeLittle"/>
    <property name="sun.desktop" value="windows"/>
    <property name="sun.cpu.isalist" value="amd64"/>
  </properties>
  <testcase classname="TestService" name="testGetUser" time="0.253"/>
</testsuite>